p = 0.05.
[92m.
[0m[92m......[0m
 	X,Z		X		Z
Fails 	854677 		682963	 	683456
Trials  1000000 		1000000		1000000
Rates 	2.991e-04 	2.345e-04	7.143e-05
Bars 	0e+00		0.00e+00	0.00e+00
Pass 	0 		0 		0
[92m*********[0m
p = 0.04.
[92m.
[0m[92m......[0m
 	X,Z		X		Z
Fails 	855040 		683816	 	683017
Trials  1000000 		1000000		1000000
Rates 	7.349e-05 	3.985e-05	3.469e-05
Bars 	0e+00		0.00e+00	0.00e+00
Pass 	0 		0 		0
[92m*********[0m
p = 0.03.
[92m.
[0m[92m......[0m
 	X,Z		X		Z
Fails 	869535 		689476	 	689832
Trials  1000000 		1000000		1000000
Rates 	1.774e-06 	1.335e-06	4.665e-07
Bars 	0e+00		0.00e+00	0.00e+00
Pass 	0 		0 		0
[92m*********[0m
p = 0.02.
[92m.
[0m[92m......[0m
 	X,Z		X		Z
Fails 	869910 		689639	 	689246
Trials  1000000 		1000000		1000000
Rates 	2.231e-08 	1.974e-08	3.104e-09
Bars 	0e+00		0.00e+00	0.00e+00
Pass 	0 		0 		0
[92m*********[0m
p = 0.01.
[92m.
[0m[92m......[0m
 	X,Z		X		Z
Fails 	886845 		695943	 	696057
Trials  1000000 		1000000		1000000
Rates 	2.819e-13 	1.713e-13	1.330e-13
Bars 	0e+00		0.00e+00	0.00e+00
Pass 	0 		0 		0
[92m*********[0m
p = 0.05.
[92m.
[0m[92m......[0m
 	X,Z		X		Z
Fails 	270026 		149799	 	150077
Trials  1000000 		1000000		1000000
Rates 	4.136e-05 	2.673e-05	1.494e-05
Bars 	0e+00		0.00e+00	0.00e+00
Pass 	0 		0 		0
[92m*********[0m
p = 0.04.
[92m.
[0m[92m......[0m
 	X,Z		X		Z
Fails 	267687 		148569	 	147680
Trials  1000000 		1000000		1000000
Rates 	1.777e-06 	8.676e-07	9.112e-07
Bars 	0e+00		0.00e+00	0.00e+00
Pass 	0 		0 		0
[92m*********[0m
p = 0.03.
[92m.
[0m[92m......[0m
 	X,Z		X		Z
Fails 	263268 		144331	 	144473
Trials  1000000 		1000000		1000000
Rates 	1.787e-07 	1.714e-07	7.315e-09
Bars 	0e+00		0.00e+00	0.00e+00
Pass 	0 		0 		0
[92m*********[0m
p = 0.02.
[92m.
[0m[92m......[0m
 	X,Z		X		Z
Fails 	261147 		142714	 	142824
Trials  1000000 		1000000		1000000
Rates 	2.658e-12 	1.131e-12	1.999e-12
Bars 	0e+00		0.00e+00	0.00e+00
Pass 	0 		0 		0
[92m*********[0m
p = 0.01.
[92m.
[0m[92m......[0m
 	X,Z		X		Z
Fails 	256922 		139733	 	139352
Trials  1000000 		1000000		1000000
Rates 	3.285e-18 	3.268e-18	1.717e-20
Bars 	0e+00		0.00e+00	0.00e+00
Pass 	0 		0 		0
[92m*********[0m
p = 0.05.
[92m.
[0m[92m......[0m
 	X,Z		X		Z
Fails 	211263 		112543	 	112676
Trials  1000000 		1000000		1000000
Rates 	1.416e-02 	6.501e-03	7.819e-03
Bars 	0e+00		0.00e+00	0.00e+00
Pass 	0 		0 		0
[92m*********[0m
p = 0.04.
[92m.
[0m[92m......[0m
 	X,Z		X		Z
Fails 	209882 		111450	 	111936
Trials  1000000 		1000000		1000000
Rates 	7.920e-03 	1.847e-03	6.407e-03
Bars 	0e+00		0.00e+00	0.00e+00
Pass 	0 		0 		0
[92m*********[0m
