p = 0.01.
[92m.
[0m[92m......[0m
 	X,Z		X		Z
Fails 	887525 		695560	 	696247
Trials  1000000 		1000000		1000000
Rates 	1.441e-11 	1.845e-13	1.427e-11
Bars 	0e+00		0.00e+00	0.00e+00
Pass 	0 		0 		0
[92m*********[0m
p = 0.01.
[92m.
[0m[92m......[0m
 	X,Z		X		Z
Fails 	255742 		138805	 	139228
Trials  1000000 		1000000		1000000
Rates 	1.793e-20 	9.077e-21	8.919e-21
Bars 	0e+00		0.00e+00	0.00e+00
Pass 	0 		0 		0
[92m*********[0m
p = 0.01.
[92m.
[0m[92m......[0m
 	X,Z		X		Z
Fails 	1421 		707	 	715
Trials  1000000 		1000000		1000000
Rates 	3.174e-25 	2.235e-25	9.386e-26
Bars 	0e+00		0.00e+00	0.00e+00
Pass 	0 		0 		0
[92m*********[0m
[92mReading inputs from input.txt.[0m
[92mInput done.[0m
[92m******* SUMMARY *********[0m
[92mFamily: 3[0m
[92mCode lengths: [0m[92m5 [0m[92m7 [0m[92m13 [0m
[92mNoise type: uncorr
[0m[92mp : from 0.01 to 0.01 in steps of 0.001[0m
[2m(In all, there are 1 noise rates.)[0m
[92mNumber of decoding trials: 1000000[0m
[92m**************************[0m
[93mEstimating performance of 6_5_selfdual with noise rate[0m
[93m	p -- from 0.01 to 0.01 in steps of 0.001.[0m
[92m _/ Done 60 qubits in 10.6318 seconds.
	Output in 19_9_2018_10_15_24_ju_0.413857.[0m
[93mEstimating performance of 6_7_selfdual with noise rate[0m
[93m	p -- from 0.01 to 0.01 in steps of 0.001.[0m
[92m _/ Done 168 qubits in 16.523 seconds.
	Output in 19_9_2018_10_15_49_ju_0.931994.[0m
[93mEstimating performance of 6_13_selfdual with noise rate[0m
[93m	p -- from 0.01 to 0.01 in steps of 0.001.[0m
[92m _/ Done 546 qubits in 34.5523 seconds.
	Output in 19_9_2018_10_16_10_ju_0.489567.[0m
[92m_/ All simulations are done.[0m
